[0.019s] Invoking command in '/home/bender/bender-2025/src/sensors/jetson/unitree_ws/build/unitree_lidar_ros2': CMAKE_PREFIX_PATH=${CMAKE_PREFIX_PATH}:/opt/ros/iron /usr/bin/cmake --build /home/bender/bender-2025/src/sensors/jetson/unitree_ws/build/unitree_lidar_ros2 -- -j6 -l6
[0.154s] [ 50%] [32mBuilding CXX object CMakeFiles/unitree_lidar_ros2_node.dir/src/unitree_lidar_ros2_node.cpp.o[0m
[3.071s] In file included from [01m[K/home/bender/bender-2025/src/sensors/jetson/unitree_ws/src/unitree_lidar_ros2/src/unitree_lidar_ros2_node.cpp:5[m[K:
[3.072s] [01m[K/home/bender/bender-2025/src/sensors/jetson/unitree_ws/src/unitree_lidar_ros2/include/unitree_lidar_ros2.h:28:10:[m[K [01;31m[Kfatal error: [m[Kunitree_lidar_sdk_pcl.h: No such file or directory
[3.072s]    28 | #include [01;31m[K"unitree_lidar_sdk_pcl.h"[m[K
[3.072s]       |          [01;31m[K^~~~~~~~~~~~~~~~~~~~~~~~~[m[K
[3.072s] compilation terminated.
[3.096s] gmake[2]: *** [CMakeFiles/unitree_lidar_ros2_node.dir/build.make:76: CMakeFiles/unitree_lidar_ros2_node.dir/src/unitree_lidar_ros2_node.cpp.o] Error 1
[3.097s] gmake[1]: *** [CMakeFiles/Makefile2:137: CMakeFiles/unitree_lidar_ros2_node.dir/all] Error 2
[3.097s] gmake: *** [Makefile:146: all] Error 2
[3.104s] Invoked command in '/home/bender/bender-2025/src/sensors/jetson/unitree_ws/build/unitree_lidar_ros2' returned '2': CMAKE_PREFIX_PATH=${CMAKE_PREFIX_PATH}:/opt/ros/iron /usr/bin/cmake --build /home/bender/bender-2025/src/sensors/jetson/unitree_ws/build/unitree_lidar_ros2 -- -j6 -l6
